[0.120s] [  0%] Built target jsk_recognition_msgs_generate_messages_eus
[0.120s] [  0%] Built target pcl_msgs_generate_messages_eus
[0.120s] [  0%] Built target actionlib_generate_messages_cpp
[0.120s] [  0%] Built target geometry_msgs_generate_messages_py
[0.121s] [  0%] Built target jsk_recognition_msgs_generate_messages_lisp
[0.121s] [  0%] Built target autoware_system_msgs_generate_messages_lisp
[0.122s] [  0%] Built target autoware_config_msgs_generate_messages_lisp
[0.122s] [  0%] Built target rosgraph_msgs_generate_messages_eus
[0.171s] [  0%] Built target _catkin_empty_exported_target
[0.172s] [  0%] Built target tf2_msgs_generate_messages_cpp
[0.173s] [  0%] Built target sensor_msgs_generate_messages_cpp
[0.175s] [  0%] Built target autoware_msgs_generate_messages_cpp
[0.175s] [  0%] Built target sensor_msgs_generate_messages_eus
[0.176s] [  0%] Built target sensor_msgs_generate_messages_nodejs
[0.185s] [  0%] Built target autoware_system_msgs_generate_messages_py
[0.189s] [  0%] Built target roscpp_generate_messages_cpp
[0.220s] [  0%] Built target autoware_msgs_generate_messages_py
[0.220s] [  0%] Built target std_msgs_generate_messages_nodejs
[0.221s] [  0%] Built target std_msgs_generate_messages_py
[0.226s] [  0%] Built target pcl_msgs_generate_messages_nodejs
[0.226s] [  0%] Built target rosgraph_msgs_generate_messages_cpp
[0.228s] [  0%] Built target jsk_recognition_msgs_generate_messages_py
[0.240s] [  0%] Built target sensor_msgs_generate_messages_py
[0.240s] [  0%] Built target sensor_msgs_generate_messages_lisp
[0.270s] [  0%] Built target tf_generate_messages_py
[0.272s] [  0%] Built target std_msgs_generate_messages_cpp
[0.272s] [  0%] Built target jsk_footstep_msgs_generate_messages_py
[0.281s] [  0%] Built target actionlib_msgs_generate_messages_nodejs
[0.282s] [  0%] Built target geometry_msgs_generate_messages_eus
[0.294s] [  0%] Built target std_msgs_generate_messages_lisp
[0.299s] [  0%] Built target roscpp_generate_messages_nodejs
[0.299s] [  0%] Built target autoware_system_msgs_generate_messages_cpp
[0.316s] [  0%] Built target geometry_msgs_generate_messages_lisp
[0.323s] [  0%] Built target pcl_msgs_generate_messages_cpp
[0.333s] [  0%] Built target geometry_msgs_generate_messages_nodejs
[0.339s] [  0%] Built target jsk_recognition_msgs_generate_messages_cpp
[0.347s] [  0%] Built target autoware_msgs_generate_messages_lisp
[0.348s] [  0%] Built target autoware_msgs_generate_messages_eus
[0.354s] [  0%] Built target autoware_msgs_generate_messages_nodejs
[0.361s] [  0%] Built target std_msgs_generate_messages_eus
[0.374s] [  0%] Built target jsk_footstep_msgs_generate_messages_eus
[0.381s] [  0%] Built target actionlib_msgs_generate_messages_py
[0.385s] [  0%] Built target jsk_footstep_msgs_generate_messages_lisp
[0.392s] [  0%] Built target autoware_config_msgs_generate_messages_eus
[0.398s] [  0%] Built target autoware_system_msgs_generate_messages_nodejs
[0.398s] [  0%] Built target jsk_footstep_msgs_generate_messages_nodejs
[0.405s] [  0%] Built target jsk_footstep_msgs_generate_messages_cpp
[0.406s] [  0%] Built target actionlib_msgs_generate_messages_lisp
[0.421s] [  0%] Built target actionlib_msgs_generate_messages_cpp
[0.429s] [  0%] Built target tf_generate_messages_eus
[0.444s] [  0%] Built target tf_generate_messages_lisp
[0.444s] [  0%] Built target autoware_config_msgs_generate_messages_nodejs
[0.447s] [  0%] Built target tf_generate_messages_nodejs
[0.451s] [  0%] Built target jsk_recognition_msgs_generate_messages_nodejs
[0.454s] [  0%] Built target roscpp_generate_messages_lisp
[0.467s] [  0%] Built target roscpp_generate_messages_py
[0.477s] [  0%] Built target rosgraph_msgs_generate_messages_lisp
[0.482s] [  0%] Built target autoware_config_msgs_generate_messages_cpp
[0.497s] [  0%] Built target rosgraph_msgs_generate_messages_nodejs
[0.497s] [  0%] Built target actionlib_msgs_generate_messages_eus
[0.498s] [  0%] Built target roscpp_generate_messages_eus
[0.504s] [  0%] Built target rosgraph_msgs_generate_messages_py
[0.510s] [  0%] Built target autoware_config_msgs_generate_messages_py
[0.518s] [  0%] Built target pcl_msgs_generate_messages_py
[0.524s] [  0%] Built target actionlib_generate_messages_eus
[0.533s] [  0%] Built target geometry_msgs_generate_messages_cpp
[0.546s] [  0%] Built target actionlib_generate_messages_lisp
[0.546s] [  0%] Built target tf_generate_messages_cpp
[0.547s] [  0%] Built target pcl_msgs_generate_messages_lisp
[0.556s] [  0%] Built target actionlib_generate_messages_nodejs
[0.560s] [  0%] Built target autoware_system_msgs_generate_messages_eus
[0.568s] [  0%] Built target tf2_msgs_generate_messages_eus
[0.568s] [  0%] Built target tf2_msgs_generate_messages_lisp
[0.581s] [  0%] Built target actionlib_generate_messages_py
[0.583s] [  0%] Built target tf2_msgs_generate_messages_nodejs
[0.584s] [  0%] Built target tf2_msgs_generate_messages_py
[0.602s] [35m[1mScanning dependencies of target pure_pursuit[0m
[0.632s] [ 20%] [32mBuilding CXX object CMakeFiles/pure_pursuit.dir/src/pure_pursuit_core.cpp.o[0m
[2.801s] [01m[K/home/kimna/Desktop/autoware.ai/src/autoware/core_planning/pure_pursuit/src/pure_pursuit_core.cpp:[m[K In constructor â€˜[01m[Kwaypoint_follower::PurePursuitNode::PurePursuitNode()[m[Kâ€™:
[2.801s] [01m[K/home/kimna/Desktop/autoware.ai/src/autoware/core_planning/pure_pursuit/src/pure_pursuit_core.cpp:41:5:[m[K [01;31m[Kerror: [m[Kclass â€˜[01m[Kwaypoint_follower::PurePursuitNode[m[Kâ€™ does not have any field named â€˜[01m[Kstanley_factor_[m[Kâ€™
[2.801s]    , [01;31m[Kstanley_factor_[m[K(0.0)
[2.801s]      [01;31m[K^~~~~~~~~~~~~~~[m[K
[2.802s] [01m[K/home/kimna/Desktop/autoware.ai/src/autoware/core_planning/pure_pursuit/src/pure_pursuit_core.cpp:[m[K In member function â€˜[01m[Kvoid waypoint_follower::PurePursuitNode::initForROS()[m[Kâ€™:
[2.802s] [01m[K/home/kimna/Desktop/autoware.ai/src/autoware/core_planning/pure_pursuit/src/pure_pursuit_core.cpp:73:23:[m[K [01;31m[Kerror: [m[Kâ€˜[01m[Kstanley_factor_[m[Kâ€™ was not declared in this scope
[2.802s]      "stanley_factor", [01;31m[Kstanley_factor_[m[K, 0.0);
[2.802s]                        [01;31m[K^~~~~~~~~~~~~~~[m[K
[2.812s] In file included from [01m[K/opt/ros/melodic/include/ros/ros.h:40:0[m[K,
[2.813s]                  from [01m[K/home/kimna/Desktop/autoware.ai/src/autoware/core_planning/pure_pursuit/include/pure_pursuit/pure_pursuit_core.h:23[m[K,
[2.813s]                  from [01m[K/home/kimna/Desktop/autoware.ai/src/autoware/core_planning/pure_pursuit/src/pure_pursuit_core.cpp:18[m[K:
[2.813s] [01m[K/home/kimna/Desktop/autoware.ai/src/autoware/core_planning/pure_pursuit/src/pure_pursuit_core.cpp:[m[K In member function â€˜[01m[Kvoid waypoint_follower::PurePursuitNode::run()[m[Kâ€™:
[2.813s] [01m[K/home/kimna/Desktop/autoware.ai/src/autoware/core_planning/pure_pursuit/src/pure_pursuit_core.cpp:209:32:[m[K [01;31m[Kerror: [m[Kâ€˜[01m[Kstanley_factor_[m[Kâ€™ was not declared in this scope
[2.813s]        ROS_WARN_STREAM("cfg "<< [01;31m[Ks[m[Ktanley_factor_ << std::endl);
[2.813s]                                 [01;31m[K^[m[K
[2.813s] [01m[K/opt/ros/melodic/include/ros/console.h:358:64:[m[K [01;36m[Knote: [m[Kin definition of macro â€˜[01m[KROSCONSOLE_PRINT_STREAM_AT_LOCATION_WITH_FILTER[m[Kâ€™
[2.813s]      __rosconsole_print_stream_at_location_with_filter__ss__ << [01;36m[Kargs[m[K; \
[2.813s]                                                                 [01;36m[K^~~~[m[K
[2.813s] [01m[K/opt/ros/melodic/include/ros/console.h:406:7:[m[K [01;36m[Knote: [m[Kin expansion of macro â€˜[01m[KROSCONSOLE_PRINT_STREAM_AT_LOCATION[m[Kâ€™
[2.813s]        [01;36m[KROSCONSOLE_PRINT_STREAM_AT_LOCATION[m[K(args); \
[2.813s]        [01;36m[K^~~~~~~~~~~~~~~~~~~~~~~~~~~~~~~~~~~[m[K
[2.813s] [01m[K/opt/ros/melodic/include/ros/console.h:579:43:[m[K [01;36m[Knote: [m[Kin expansion of macro â€˜[01m[KROS_LOG_STREAM_COND[m[Kâ€™
[2.813s]  #define ROS_LOG_STREAM(level, name, args) [01;36m[KROS_LOG_STREAM_COND[m[K(true, level, name, args)
[2.813s]                                            [01;36m[K^~~~~~~~~~~~~~~~~~~[m[K
[2.813s] [01m[K/opt/ros/melodic/include/rosconsole/macros_generated.h:163:31:[m[K [01;36m[Knote: [m[Kin expansion of macro â€˜[01m[KROS_LOG_STREAM[m[Kâ€™
[2.813s]  #define ROS_WARN_STREAM(args) [01;36m[KROS_LOG_STREAM[m[K(::ros::console::levels::Warn, ROSCONSOLE_DEFAULT_NAME, args)
[2.813s]                                [01;36m[K^~~~~~~~~~~~~~[m[K
[2.813s] [01m[K/home/kimna/Desktop/autoware.ai/src/autoware/core_planning/pure_pursuit/src/pure_pursuit_core.cpp:209:7:[m[K [01;36m[Knote: [m[Kin expansion of macro â€˜[01m[KROS_WARN_STREAM[m[Kâ€™
[2.814s]        [01;36m[KR[m[KOS_WARN_STREAM("cfg "<< stanley_factor_ << std::endl);
[2.814s]        [01;36m[K^[m[K
[2.825s] [01m[K/home/kimna/Desktop/autoware.ai/src/autoware/core_planning/pure_pursuit/src/pure_pursuit_core.cpp:[m[K In member function â€˜[01m[Kdouble waypoint_follower::PurePursuitNode::computeCommandAccel() const[m[Kâ€™:
[2.825s] [01m[K/home/kimna/Desktop/autoware.ai/src/autoware/core_planning/pure_pursuit/src/pure_pursuit_core.cpp:343:57:[m[K [01;31m[Kerror: [m[Kexpected â€˜[01m[K,[m[Kâ€™ or â€˜[01m[K;[m[Kâ€™ before â€˜[01m[K)[m[Kâ€™ token
[2.825s]          current_pose.position.y - target_pose.position.y[01;31m[K)[m[K;
[2.825s]                                                          [01;31m[K^[m[K
[2.825s] [01m[K/home/kimna/Desktop/autoware.ai/src/autoware/core_planning/pure_pursuit/src/pure_pursuit_core.cpp:[m[K At global scope:
[2.825s] [01m[K/home/kimna/Desktop/autoware.ai/src/autoware/core_planning/pure_pursuit/src/pure_pursuit_core.cpp:350:17:[m[K [01;31m[Kerror: [m[Kexpected constructor, destructor, or type conversion before â€˜[01m[K([m[Kâ€™ token
[2.825s]        std::hypot[01;31m[K([m[Kcurrent_pose.position.x - target_pose.position.x,
[2.825s]                  [01;31m[K^[m[K
[2.826s] [01m[K/home/kimna/Desktop/autoware.ai/src/autoware/core_planning/pure_pursuit/src/pure_pursuit_core.cpp:[m[K In member function â€˜[01m[Kvoid waypoint_follower::PurePursuitNode::callbackFromConfig(const ConfigWaypointFollowerConstPtr&)[m[Kâ€™:
[2.826s] [01m[K/home/kimna/Desktop/autoware.ai/src/autoware/core_planning/pure_pursuit/src/pure_pursuit_core.cpp:366:3:[m[K [01;31m[Kerror: [m[Kâ€˜[01m[Kstanley_factor_[m[Kâ€™ was not declared in this scope
[2.826s]    [01;31m[Kstanley_factor_[m[K = config->stanley_factor;
[2.826s]    [01;31m[K^~~~~~~~~~~~~~~[m[K
[3.645s] CMakeFiles/pure_pursuit.dir/build.make:110: recipe for target 'CMakeFiles/pure_pursuit.dir/src/pure_pursuit_core.cpp.o' failed
[3.645s] CMakeFiles/Makefile2:444: recipe for target 'CMakeFiles/pure_pursuit.dir/all' failed
[3.645s] make[2]: *** [CMakeFiles/pure_pursuit.dir/src/pure_pursuit_core.cpp.o] Error 1
[3.645s] make[1]: *** [CMakeFiles/pure_pursuit.dir/all] Error 2
[3.645s] Makefile:140: recipe for target 'all' failed
[3.645s] make: *** [all] Error 2
