[9.333s] [01m[K/home/kimna/Desktop/autoware.ai/src/autoware/core_planning/pure_pursuit/src/pure_pursuit_core.cpp:[m[K In member function â€˜[01m[Kvoid waypoint_follower::PurePursuitNode::run()[m[Kâ€™:
[9.333s] [01m[K/home/kimna/Desktop/autoware.ai/src/autoware/core_planning/pure_pursuit/src/pure_pursuit_core.cpp:151:12:[m[K [01;35m[Kwarning: [m[Kunused variable â€˜[01m[Kcan_get_curvature[m[Kâ€™ [[01;35m[K-Wunused-variable[m[K]
[9.333s]        bool [01;35m[Kcan_get_curvature[m[K = true;
[9.333s]             [01;35m[K^~~~~~~~~~~~~~~~~[m[K
[9.334s] [01m[K/home/kimna/Desktop/autoware.ai/src/autoware/core_planning/pure_pursuit/src/pure_pursuit_core.cpp:159:12:[m[K [01;35m[Kwarning: [m[Kunused variable â€˜[01m[Kcan_get_curvature[m[Kâ€™ [[01;35m[K-Wunused-variable[m[K]
[9.334s]        bool [01;35m[Kcan_get_curvature[m[K = pp_.canGetCurvature(&kappa);
[9.334s]             [01;35m[K^~~~~~~~~~~~~~~~~[m[K
[9.334s] [01m[K/home/kimna/Desktop/autoware.ai/src/autoware/core_planning/pure_pursuit/src/pure_pursuit_core.cpp:214:25:[m[K [01;31m[Kerror: [m[Kâ€˜[01m[Kcan_get_curvature[m[Kâ€™ was not declared in this scope
[9.334s]      publishTwistStamped([01;31m[Kcan_get_curvature[m[K, kappa);
[9.334s]                          [01;31m[K^~~~~~~~~~~~~~~~~[m[K
[9.344s] [01m[K/home/kimna/Desktop/autoware.ai/src/autoware/core_planning/pure_pursuit/src/pure_pursuit_core.cpp:214:25:[m[K [01;36m[Knote: [m[Ksuggested alternative: â€˜[01m[KcalcCurvature[m[Kâ€™
[9.345s]      publishTwistStamped([01;36m[Kcan_get_curvature[m[K, kappa);
[9.345s]                          [01;36m[K^~~~~~~~~~~~~~~~~[m[K
[9.345s]                          [32m[KcalcCurvature[m[K
[10.779s] make[2]: *** [CMakeFiles/pure_pursuit.dir/src/pure_pursuit_core.cpp.o] Error 1
[10.779s] make[1]: *** [CMakeFiles/pure_pursuit.dir/all] Error 2
[10.780s] make: *** [all] Error 2
