[1.772s] In file included from [01m[K/home/kimna/Desktop/autoware.ai/src/autoware/core_planning/pure_pursuit/src/pure_pursuit_core.cpp:19:0[m[K:
[1.772s] [01m[K/home/kimna/Desktop/autoware.ai/src/autoware/core_planning/pure_pursuit/include/pure_pursuit/stanley.h:1:0:[m[K [01;31m[Kerror: [m[Kunterminated #ifndef
[1.772s]  #ifndef PURE_PURSUIT_PURE_PURSUIT_H
[1.772s]  
[4.149s] make[2]: *** [CMakeFiles/pure_pursuit.dir/src/pure_pursuit_core.cpp.o] Error 1
[4.149s] make[1]: *** [CMakeFiles/pure_pursuit.dir/all] Error 2
[4.150s] make: *** [all] Error 2
