[2.013s] In file included from [01m[K/home/kimna/Desktop/autoware.ai/src/autoware/core_planning/pure_pursuit/include/pure_pursuit/pure_pursuit_core.h:28:0[m[K,
[2.013s]                  from [01m[K/home/kimna/Desktop/autoware.ai/src/autoware/core_planning/pure_pursuit/src/pure_pursuit_node.cpp:21[m[K:
[2.013s] [01m[K/home/kimna/Desktop/autoware.ai/install/autoware_config_msgs/include/autoware_config_msgs/ConfigWaypointFollower.h:79:24:[m[K [01;31m[Kerror: [m[Kredeclaration of â€˜[01m[Kautoware_config_msgs::ConfigWaypointFollower_<ContainerAllocator>::_stanley_factor_type autoware_config_msgs::ConfigWaypointFollower_<ContainerAllocator>::relative_angle_threshold[m[Kâ€™
[2.013s]    _stanley_factor_type [01;31m[Krelative_angle_threshold[m[K;
[2.013s]                         [01;31m[K^~~~~~~~~~~~~~~~~~~~~~~~[m[K
[2.013s] [01m[K/home/kimna/Desktop/autoware.ai/install/autoware_config_msgs/include/autoware_config_msgs/ConfigWaypointFollower.h:75:34:[m[K [01;36m[Knote: [m[Kprevious declaration â€˜[01m[Kautoware_config_msgs::ConfigWaypointFollower_<ContainerAllocator>::_relative_angle_threshold_type autoware_config_msgs::ConfigWaypointFollower_<ContainerAllocator>::relative_angle_threshold[m[Kâ€™
[2.014s]    _relative_angle_threshold_type [01;36m[Krelative_angle_threshold[m[K;
[2.014s]                                   [01;36m[K^~~~~~~~~~~~~~~~~~~~~~~~[m[K
[2.014s] [01m[K/home/kimna/Desktop/autoware.ai/install/autoware_config_msgs/include/autoware_config_msgs/ConfigWaypointFollower.h:[m[K In constructor â€˜[01m[Kautoware_config_msgs::ConfigWaypointFollower_<ContainerAllocator>::ConfigWaypointFollower_()[m[Kâ€™:
[2.014s] [01m[K/home/kimna/Desktop/autoware.ai/install/autoware_config_msgs/include/autoware_config_msgs/ConfigWaypointFollower.h:36:7:[m[K [01;31m[Kerror: [m[Kclass â€˜[01m[Kautoware_config_msgs::ConfigWaypointFollower_<ContainerAllocator>[m[Kâ€™ does not have any field named â€˜[01m[Kstanley_factor[m[Kâ€™
[2.014s]      , [01;31m[Kstanley_factor[m[K(0.0)  {
[2.014s]        [01;31m[K^~~~~~~~~~~~~~[m[K
[2.014s] [01m[K/home/kimna/Desktop/autoware.ai/install/autoware_config_msgs/include/autoware_config_msgs/ConfigWaypointFollower.h:[m[K In constructor â€˜[01m[Kautoware_config_msgs::ConfigWaypointFollower_<ContainerAllocator>::ConfigWaypointFollower_(const ContainerAllocator&)[m[Kâ€™:
[2.014s] [01m[K/home/kimna/Desktop/autoware.ai/install/autoware_config_msgs/include/autoware_config_msgs/ConfigWaypointFollower.h:47:7:[m[K [01;31m[Kerror: [m[Kclass â€˜[01m[Kautoware_config_msgs::ConfigWaypointFollower_<ContainerAllocator>[m[Kâ€™ does not have any field named â€˜[01m[Kstanley_factor[m[Kâ€™
[2.015s]      , [01;31m[Kstanley_factor[m[K(0.0)  {
[2.015s]        [01;31m[K^~~~~~~~~~~~~~[m[K
[2.015s] In file included from [01m[K/home/kimna/Desktop/autoware.ai/src/autoware/core_planning/pure_pursuit/include/pure_pursuit/pure_pursuit_core.h:28:0[m[K,
[2.015s]                  from [01m[K/home/kimna/Desktop/autoware.ai/src/autoware/core_planning/pure_pursuit/src/pure_pursuit_core.cpp:18[m[K:
[2.015s] [01m[K/home/kimna/Desktop/autoware.ai/install/autoware_config_msgs/include/autoware_config_msgs/ConfigWaypointFollower.h:79:24:[m[K [01;31m[Kerror: [m[Kredeclaration of â€˜[01m[Kautoware_config_msgs::ConfigWaypointFollower_<ContainerAllocator>::_stanley_factor_type autoware_config_msgs::ConfigWaypointFollower_<ContainerAllocator>::relative_angle_threshold[m[Kâ€™
[2.015s]    _stanley_factor_type [01;31m[Krelative_angle_threshold[m[K;
[2.015s]                         [01;31m[K^~~~~~~~~~~~~~~~~~~~~~~~[m[K
[2.015s] [01m[K/home/kimna/Desktop/autoware.ai/install/autoware_config_msgs/include/autoware_config_msgs/ConfigWaypointFollower.h:75:34:[m[K [01;36m[Knote: [m[Kprevious declaration â€˜[01m[Kautoware_config_msgs::ConfigWaypointFollower_<ContainerAllocator>::_relative_angle_threshold_type autoware_config_msgs::ConfigWaypointFollower_<ContainerAllocator>::relative_angle_threshold[m[Kâ€™
[2.015s]    _relative_angle_threshold_type [01;36m[Krelative_angle_threshold[m[K;
[2.015s]                                   [01;36m[K^~~~~~~~~~~~~~~~~~~~~~~~[m[K
[2.016s] [01m[K/home/kimna/Desktop/autoware.ai/install/autoware_config_msgs/include/autoware_config_msgs/ConfigWaypointFollower.h:[m[K In constructor â€˜[01m[Kautoware_config_msgs::ConfigWaypointFollower_<ContainerAllocator>::ConfigWaypointFollower_()[m[Kâ€™:
[2.016s] [01m[K/home/kimna/Desktop/autoware.ai/install/autoware_config_msgs/include/autoware_config_msgs/ConfigWaypointFollower.h:36:7:[m[K [01;31m[Kerror: [m[Kclass â€˜[01m[Kautoware_config_msgs::ConfigWaypointFollower_<ContainerAllocator>[m[Kâ€™ does not have any field named â€˜[01m[Kstanley_factor[m[Kâ€™
[2.016s]      , [01;31m[Kstanley_factor[m[K(0.0)  {
[2.016s]        [01;31m[K^~~~~~~~~~~~~~[m[K
[2.016s] [01m[K/home/kimna/Desktop/autoware.ai/install/autoware_config_msgs/include/autoware_config_msgs/ConfigWaypointFollower.h:[m[K In constructor â€˜[01m[Kautoware_config_msgs::ConfigWaypointFollower_<ContainerAllocator>::ConfigWaypointFollower_(const ContainerAllocator&)[m[Kâ€™:
[2.016s] [01m[K/home/kimna/Desktop/autoware.ai/install/autoware_config_msgs/include/autoware_config_msgs/ConfigWaypointFollower.h:47:7:[m[K [01;31m[Kerror: [m[Kclass â€˜[01m[Kautoware_config_msgs::ConfigWaypointFollower_<ContainerAllocator>[m[Kâ€™ does not have any field named â€˜[01m[Kstanley_factor[m[Kâ€™
[2.016s]      , [01;31m[Kstanley_factor[m[K(0.0)  {
[2.016s]        [01;31m[K^~~~~~~~~~~~~~[m[K
[2.658s] [01m[K/home/kimna/Desktop/autoware.ai/src/autoware/core_planning/pure_pursuit/src/pure_pursuit_core.cpp:[m[K In member function â€˜[01m[Kvoid waypoint_follower::PurePursuitNode::initForROS()[m[Kâ€™:
[2.658s] [01m[K/home/kimna/Desktop/autoware.ai/src/autoware/core_planning/pure_pursuit/src/pure_pursuit_core.cpp:72:23:[m[K [01;31m[Kerror: [m[Kâ€˜[01m[Kstanley_factor_[m[Kâ€™ was not declared in this scope
[2.658s]      "stanley_factor", [01;31m[Kstanley_factor_[m[K, 0.0);
[2.658s]                        [01;31m[K^~~~~~~~~~~~~~~[m[K
[2.666s] [01m[K/home/kimna/Desktop/autoware.ai/src/autoware/core_planning/pure_pursuit/src/pure_pursuit_core.cpp:77:3:[m[K [01;31m[Kerror: [m[Kexpected â€˜[01m[K;[m[Kâ€™ before â€˜[01m[Ksub1_[m[Kâ€™
[2.666s]    [01;31m[Ksub1_[m[K = nh_.subscribe("final_waypoints", 10,
[2.666s]    [01;31m[K^~~~~[m[K
[2.669s] In file included from [01m[K/opt/ros/melodic/include/ros/ros.h:40:0[m[K,
[2.671s]                  from [01m[K/home/kimna/Desktop/autoware.ai/src/autoware/core_planning/pure_pursuit/include/pure_pursuit/pure_pursuit_core.h:23[m[K,
[2.671s]                  from [01m[K/home/kimna/Desktop/autoware.ai/src/autoware/core_planning/pure_pursuit/src/pure_pursuit_core.cpp:18[m[K:
[2.671s] [01m[K/home/kimna/Desktop/autoware.ai/src/autoware/core_planning/pure_pursuit/src/pure_pursuit_core.cpp:[m[K In member function â€˜[01m[Kvoid waypoint_follower::PurePursuitNode::run()[m[Kâ€™:
[2.671s] [01m[K/home/kimna/Desktop/autoware.ai/src/autoware/core_planning/pure_pursuit/src/pure_pursuit_core.cpp:210:32:[m[K [01;31m[Kerror: [m[Kâ€˜[01m[Kstanley_factor_[m[Kâ€™ was not declared in this scope
[2.671s]        ROS_WARN_STREAM("cfg "<< [01;31m[Ks[m[Ktanley_factor_ << std::endl);
[2.672s]                                 [01;31m[K^[m[K
[2.672s] [01m[K/opt/ros/melodic/include/ros/console.h:358:64:[m[K [01;36m[Knote: [m[Kin definition of macro â€˜[01m[KROSCONSOLE_PRINT_STREAM_AT_LOCATION_WITH_FILTER[m[Kâ€™
[2.672s]      __rosconsole_print_stream_at_location_with_filter__ss__ << [01;36m[Kargs[m[K; \
[2.672s]                                                                 [01;36m[K^~~~[m[K
[2.672s] [01m[K/opt/ros/melodic/include/ros/console.h:406:7:[m[K [01;36m[Knote: [m[Kin expansion of macro â€˜[01m[KROSCONSOLE_PRINT_STREAM_AT_LOCATION[m[Kâ€™
[2.672s]        [01;36m[KROSCONSOLE_PRINT_STREAM_AT_LOCATION[m[K(args); \
[2.672s]        [01;36m[K^~~~~~~~~~~~~~~~~~~~~~~~~~~~~~~~~~~[m[K
[2.672s] [01m[K/opt/ros/melodic/include/ros/console.h:579:43:[m[K [01;36m[Knote: [m[Kin expansion of macro â€˜[01m[KROS_LOG_STREAM_COND[m[Kâ€™
[2.672s]  #define ROS_LOG_STREAM(level, name, args) [01;36m[KROS_LOG_STREAM_COND[m[K(true, level, name, args)
[2.673s]                                            [01;36m[K^~~~~~~~~~~~~~~~~~~[m[K
[2.673s] [01m[K/opt/ros/melodic/include/rosconsole/macros_generated.h:163:31:[m[K [01;36m[Knote: [m[Kin expansion of macro â€˜[01m[KROS_LOG_STREAM[m[Kâ€™
[2.673s]  #define ROS_WARN_STREAM(args) [01;36m[KROS_LOG_STREAM[m[K(::ros::console::levels::Warn, ROSCONSOLE_DEFAULT_NAME, args)
[2.673s]                                [01;36m[K^~~~~~~~~~~~~~[m[K
[2.673s] [01m[K/home/kimna/Desktop/autoware.ai/src/autoware/core_planning/pure_pursuit/src/pure_pursuit_core.cpp:210:7:[m[K [01;36m[Knote: [m[Kin expansion of macro â€˜[01m[KROS_WARN_STREAM[m[Kâ€™
[2.673s]        [01;36m[KR[m[KOS_WARN_STREAM("cfg "<< stanley_factor_ << std::endl);
[2.673s]        [01;36m[K^[m[K
[2.682s] [01m[K/home/kimna/Desktop/autoware.ai/src/autoware/core_planning/pure_pursuit/src/pure_pursuit_core.cpp:[m[K In member function â€˜[01m[Kdouble waypoint_follower::PurePursuitNode::computeCommandAccel() const[m[Kâ€™:
[2.682s] [01m[K/home/kimna/Desktop/autoware.ai/src/autoware/core_planning/pure_pursuit/src/pure_pursuit_core.cpp:344:57:[m[K [01;31m[Kerror: [m[Kexpected â€˜[01m[K,[m[Kâ€™ or â€˜[01m[K;[m[Kâ€™ before â€˜[01m[K)[m[Kâ€™ token
[2.682s]          current_pose.position.y - target_pose.position.y[01;31m[K)[m[K;
[2.682s]                                                          [01;31m[K^[m[K
[2.682s] [01m[K/home/kimna/Desktop/autoware.ai/src/autoware/core_planning/pure_pursuit/src/pure_pursuit_core.cpp:[m[K At global scope:
[2.682s] [01m[K/home/kimna/Desktop/autoware.ai/src/autoware/core_planning/pure_pursuit/src/pure_pursuit_core.cpp:351:17:[m[K [01;31m[Kerror: [m[Kexpected constructor, destructor, or type conversion before â€˜[01m[K([m[Kâ€™ token
[2.683s]        std::hypot[01;31m[K([m[Kcurrent_pose.position.x - target_pose.position.x,
[2.683s]                  [01;31m[K^[m[K
[2.683s] [01m[K/home/kimna/Desktop/autoware.ai/src/autoware/core_planning/pure_pursuit/src/pure_pursuit_core.cpp:[m[K In member function â€˜[01m[Kvoid waypoint_follower::PurePursuitNode::callbackFromConfig(const ConfigWaypointFollowerConstPtr&)[m[Kâ€™:
[2.683s] [01m[K/home/kimna/Desktop/autoware.ai/src/autoware/core_planning/pure_pursuit/src/pure_pursuit_core.cpp:367:3:[m[K [01;31m[Kerror: [m[Kâ€˜[01m[Kstanley_factor_[m[Kâ€™ was not declared in this scope
[2.683s]    [01;31m[Kstanley_factor_[m[K = config->stanley_factor;
[2.683s]    [01;31m[K^~~~~~~~~~~~~~~[m[K
[2.692s] [01m[K/home/kimna/Desktop/autoware.ai/src/autoware/core_planning/pure_pursuit/src/pure_pursuit_core.cpp:367:29:[m[K [01;31m[Kerror: [m[Kâ€˜[01m[Kconst struct autoware_config_msgs::ConfigWaypointFollower_<std::allocator<void> >[m[Kâ€™ has no member named â€˜[01m[Kstanley_factor[m[Kâ€™; did you mean â€˜[01m[K_stanley_factor_type[m[Kâ€™?
[2.692s]    stanley_factor_ = config->[01;31m[Kstanley_factor[m[K;
[2.692s]                              [01;31m[K^~~~~~~~~~~~~~[m[K
[2.692s]                              [32m[K_stanley_factor_type[m[K
[3.089s] make[2]: *** [CMakeFiles/pure_pursuit.dir/src/pure_pursuit_node.cpp.o] Error 1
[3.089s] make[2]: *** Waiting for unfinished jobs....
[3.150s] In file included from [01m[K/home/kimna/Desktop/autoware.ai/src/autoware/core_planning/pure_pursuit/include/pure_pursuit/pure_pursuit_core.h:28:0[m[K,
[3.150s]                  from [01m[K/home/kimna/Desktop/autoware.ai/src/autoware/core_planning/pure_pursuit/src/pure_pursuit_core.cpp:18[m[K:
[3.150s] /home/kimna/Desktop/autoware.ai/install/autoware_config_msgs/include/autoware_config_msgs/ConfigWaypointFollower.h: In instantiation of â€˜[01m[Kstatic void ros::serialization::Serializer<autoware_config_msgs::ConfigWaypointFollower_<ContainerAllocator> >::allInOne(Stream&, T) [with Stream = ros::serialization::IStream; T = autoware_config_msgs::ConfigWaypointFollower_<std::allocator<void> >&; ContainerAllocator = std::allocator<void>][m[Kâ€™:
[3.150s] [01m[K/home/kimna/Desktop/autoware.ai/install/autoware_config_msgs/include/autoware_config_msgs/ConfigWaypointFollower.h:251:5:[m[K   required from â€˜[01m[Kstatic void ros::serialization::Serializer<autoware_config_msgs::ConfigWaypointFollower_<ContainerAllocator> >::read(Stream&, T&) [with Stream = ros::serialization::IStream; T = autoware_config_msgs::ConfigWaypointFollower_<std::allocator<void> >; ContainerAllocator = std::allocator<void>][m[Kâ€™
[3.150s] [01m[K/opt/ros/melodic/include/ros/serialization.h:163:22:[m[K   required from â€˜[01m[Kvoid ros::serialization::deserialize(Stream&, T&) [with T = autoware_config_msgs::ConfigWaypointFollower_<std::allocator<void> >; Stream = ros::serialization::IStream][m[Kâ€™
[3.150s] [01m[K/opt/ros/melodic/include/ros/subscription_callback_helper.h:136:21:[m[K   required from â€˜[01m[Kros::VoidConstPtr ros::SubscriptionCallbackHelperT<P, Enabled>::deserialize(const ros::SubscriptionCallbackHelperDeserializeParams&) [with P = const boost::shared_ptr<const autoware_config_msgs::ConfigWaypointFollower_<std::allocator<void> > >&; Enabled = void; ros::VoidConstPtr = boost::shared_ptr<const void>][m[Kâ€™
[3.150s] [01m[K/home/kimna/Desktop/autoware.ai/src/autoware/core_planning/pure_pursuit/src/pure_pursuit_core.cpp:460:1:[m[K   required from here
[3.150s] [01m[K/home/kimna/Desktop/autoware.ai/install/autoware_config_msgs/include/autoware_config_msgs/ConfigWaypointFollower.h:248:21:[m[K [01;31m[Kerror: [m[Kâ€˜[01m[Kstruct autoware_config_msgs::ConfigWaypointFollower_<std::allocator<void> >[m[Kâ€™ has no member named â€˜[01m[Kstanley_factor[m[Kâ€™; did you mean â€˜[01m[K_stanley_factor_type[m[Kâ€™?
[3.150s]        stream.next([01;31m[Km.stanley_factor[m[K);
[3.150s]                    [01;31m[K~~^~~~~~~~~~~~~~[m[K
[3.150s]                    [32m[K_stanley_factor_type[m[K
[3.485s] make[2]: *** [CMakeFiles/pure_pursuit.dir/src/pure_pursuit_core.cpp.o] Error 1
[3.485s] make[1]: *** [CMakeFiles/pure_pursuit.dir/all] Error 2
[3.486s] make: *** [all] Error 2
