[2.088s] In file included from [01m[K/home/kimna/Desktop/autoware.ai/src/autoware/core_planning/pure_pursuit/include/pure_pursuit/pure_pursuit_core.h:28:0[m[K,
[2.088s]                  from [01m[K/home/kimna/Desktop/autoware.ai/src/autoware/core_planning/pure_pursuit/src/pure_pursuit_core.cpp:18[m[K:
[2.089s] [01m[K/home/kimna/Desktop/autoware.ai/install/autoware_config_msgs/include/autoware_config_msgs/ConfigWaypointFollower.h:77:24:[m[K [01;31m[Kerror: [m[Kredeclaration of â€˜[01m[Kautoware_config_msgs::ConfigWaypointFollower_<ContainerAllocator>::_stanley_factor_type autoware_config_msgs::ConfigWaypointFollower_<ContainerAllocator>::relative_angle_threshold[m[Kâ€™
[2.089s]    _stanley_factor_type [01;31m[Krelative_angle_threshold[m[K;
[2.089s]                         [01;31m[K^~~~~~~~~~~~~~~~~~~~~~~~[m[K
[2.089s] [01m[K/home/kimna/Desktop/autoware.ai/install/autoware_config_msgs/include/autoware_config_msgs/ConfigWaypointFollower.h:73:34:[m[K [01;36m[Knote: [m[Kprevious declaration â€˜[01m[Kautoware_config_msgs::ConfigWaypointFollower_<ContainerAllocator>::_relative_angle_threshold_type autoware_config_msgs::ConfigWaypointFollower_<ContainerAllocator>::relative_angle_threshold[m[Kâ€™
[2.089s]    _relative_angle_threshold_type [01;36m[Krelative_angle_threshold[m[K;
[2.089s]                                   [01;36m[K^~~~~~~~~~~~~~~~~~~~~~~~[m[K
[2.094s] In file included from [01m[K/home/kimna/Desktop/autoware.ai/src/autoware/core_planning/pure_pursuit/include/pure_pursuit/pure_pursuit_core.h:28:0[m[K,
[2.094s]                  from [01m[K/home/kimna/Desktop/autoware.ai/src/autoware/core_planning/pure_pursuit/src/pure_pursuit_node.cpp:21[m[K:
[2.094s] [01m[K/home/kimna/Desktop/autoware.ai/install/autoware_config_msgs/include/autoware_config_msgs/ConfigWaypointFollower.h:77:24:[m[K [01;31m[Kerror: [m[Kredeclaration of â€˜[01m[Kautoware_config_msgs::ConfigWaypointFollower_<ContainerAllocator>::_stanley_factor_type autoware_config_msgs::ConfigWaypointFollower_<ContainerAllocator>::relative_angle_threshold[m[Kâ€™
[2.094s]    _stanley_factor_type [01;31m[Krelative_angle_threshold[m[K;
[2.094s]                         [01;31m[K^~~~~~~~~~~~~~~~~~~~~~~~[m[K
[2.094s] [01m[K/home/kimna/Desktop/autoware.ai/install/autoware_config_msgs/include/autoware_config_msgs/ConfigWaypointFollower.h:73:34:[m[K [01;36m[Knote: [m[Kprevious declaration â€˜[01m[Kautoware_config_msgs::ConfigWaypointFollower_<ContainerAllocator>::_relative_angle_threshold_type autoware_config_msgs::ConfigWaypointFollower_<ContainerAllocator>::relative_angle_threshold[m[Kâ€™
[2.095s]    _relative_angle_threshold_type [01;36m[Krelative_angle_threshold[m[K;
[2.095s]                                   [01;36m[K^~~~~~~~~~~~~~~~~~~~~~~~[m[K
[2.752s] [01m[K/home/kimna/Desktop/autoware.ai/src/autoware/core_planning/pure_pursuit/src/pure_pursuit_core.cpp:[m[K In member function â€˜[01m[Kvoid waypoint_follower::PurePursuitNode::initForROS()[m[Kâ€™:
[2.753s] [01m[K/home/kimna/Desktop/autoware.ai/src/autoware/core_planning/pure_pursuit/src/pure_pursuit_core.cpp:72:23:[m[K [01;31m[Kerror: [m[Kâ€˜[01m[Kstanley_factor_[m[Kâ€™ was not declared in this scope
[2.753s]      "stanley_factor", [01;31m[Kstanley_factor_[m[K, 0.0);
[2.753s]                        [01;31m[K^~~~~~~~~~~~~~~[m[K
[2.761s] [01m[K/home/kimna/Desktop/autoware.ai/src/autoware/core_planning/pure_pursuit/src/pure_pursuit_core.cpp:77:3:[m[K [01;31m[Kerror: [m[Kexpected â€˜[01m[K;[m[Kâ€™ before â€˜[01m[Ksub1_[m[Kâ€™
[2.761s]    [01;31m[Ksub1_[m[K = nh_.subscribe("final_waypoints", 10,
[2.761s]    [01;31m[K^~~~~[m[K
[2.764s] In file included from [01m[K/opt/ros/melodic/include/ros/ros.h:40:0[m[K,
[2.764s]                  from [01m[K/home/kimna/Desktop/autoware.ai/src/autoware/core_planning/pure_pursuit/include/pure_pursuit/pure_pursuit_core.h:23[m[K,
[2.764s]                  from [01m[K/home/kimna/Desktop/autoware.ai/src/autoware/core_planning/pure_pursuit/src/pure_pursuit_core.cpp:18[m[K:
[2.764s] [01m[K/home/kimna/Desktop/autoware.ai/src/autoware/core_planning/pure_pursuit/src/pure_pursuit_core.cpp:[m[K In member function â€˜[01m[Kvoid waypoint_follower::PurePursuitNode::run()[m[Kâ€™:
[2.764s] [01m[K/home/kimna/Desktop/autoware.ai/src/autoware/core_planning/pure_pursuit/src/pure_pursuit_core.cpp:210:32:[m[K [01;31m[Kerror: [m[Kâ€˜[01m[Kstanley_factor_[m[Kâ€™ was not declared in this scope
[2.764s]        ROS_WARN_STREAM("cfg "<< [01;31m[Ks[m[Ktanley_factor_ << std::endl);
[2.764s]                                 [01;31m[K^[m[K
[2.764s] [01m[K/opt/ros/melodic/include/ros/console.h:358:64:[m[K [01;36m[Knote: [m[Kin definition of macro â€˜[01m[KROSCONSOLE_PRINT_STREAM_AT_LOCATION_WITH_FILTER[m[Kâ€™
[2.764s]      __rosconsole_print_stream_at_location_with_filter__ss__ << [01;36m[Kargs[m[K; \
[2.764s]                                                                 [01;36m[K^~~~[m[K
[2.764s] [01m[K/opt/ros/melodic/include/ros/console.h:406:7:[m[K [01;36m[Knote: [m[Kin expansion of macro â€˜[01m[KROSCONSOLE_PRINT_STREAM_AT_LOCATION[m[Kâ€™
[2.764s]        [01;36m[KROSCONSOLE_PRINT_STREAM_AT_LOCATION[m[K(args); \
[2.764s]        [01;36m[K^~~~~~~~~~~~~~~~~~~~~~~~~~~~~~~~~~~[m[K
[2.765s] [01m[K/opt/ros/melodic/include/ros/console.h:579:43:[m[K [01;36m[Knote: [m[Kin expansion of macro â€˜[01m[KROS_LOG_STREAM_COND[m[Kâ€™
[2.765s]  #define ROS_LOG_STREAM(level, name, args) [01;36m[KROS_LOG_STREAM_COND[m[K(true, level, name, args)
[2.765s]                                            [01;36m[K^~~~~~~~~~~~~~~~~~~[m[K
[2.765s] [01m[K/opt/ros/melodic/include/rosconsole/macros_generated.h:163:31:[m[K [01;36m[Knote: [m[Kin expansion of macro â€˜[01m[KROS_LOG_STREAM[m[Kâ€™
[2.765s]  #define ROS_WARN_STREAM(args) [01;36m[KROS_LOG_STREAM[m[K(::ros::console::levels::Warn, ROSCONSOLE_DEFAULT_NAME, args)
[2.765s]                                [01;36m[K^~~~~~~~~~~~~~[m[K
[2.765s] [01m[K/home/kimna/Desktop/autoware.ai/src/autoware/core_planning/pure_pursuit/src/pure_pursuit_core.cpp:210:7:[m[K [01;36m[Knote: [m[Kin expansion of macro â€˜[01m[KROS_WARN_STREAM[m[Kâ€™
[2.765s]        [01;36m[KR[m[KOS_WARN_STREAM("cfg "<< stanley_factor_ << std::endl);
[2.765s]        [01;36m[K^[m[K
[2.777s] [01m[K/home/kimna/Desktop/autoware.ai/src/autoware/core_planning/pure_pursuit/src/pure_pursuit_core.cpp:[m[K In member function â€˜[01m[Kvoid waypoint_follower::PurePursuitNode::callbackFromConfig(const ConfigWaypointFollowerConstPtr&)[m[Kâ€™:
[2.778s] [01m[K/home/kimna/Desktop/autoware.ai/src/autoware/core_planning/pure_pursuit/src/pure_pursuit_core.cpp:367:3:[m[K [01;31m[Kerror: [m[Kâ€˜[01m[Kstanley_factor_[m[Kâ€™ was not declared in this scope
[2.778s]    [01;31m[Kstanley_factor_[m[K = config->stanley_factor;
[2.778s]    [01;31m[K^~~~~~~~~~~~~~~[m[K
[2.786s] [01m[K/home/kimna/Desktop/autoware.ai/src/autoware/core_planning/pure_pursuit/src/pure_pursuit_core.cpp:367:29:[m[K [01;31m[Kerror: [m[Kâ€˜[01m[Kconst struct autoware_config_msgs::ConfigWaypointFollower_<std::allocator<void> >[m[Kâ€™ has no member named â€˜[01m[Kstanley_factor[m[Kâ€™; did you mean â€˜[01m[K_stanley_factor_type[m[Kâ€™?
[2.786s]    stanley_factor_ = config->[01;31m[Kstanley_factor[m[K;
[2.786s]                              [01;31m[K^~~~~~~~~~~~~~[m[K
[2.787s]                              [32m[K_stanley_factor_type[m[K
[3.254s] make[2]: *** [CMakeFiles/pure_pursuit.dir/src/pure_pursuit_node.cpp.o] Error 1
[3.255s] make[2]: *** Waiting for unfinished jobs....
[3.643s] make[2]: *** [CMakeFiles/pure_pursuit.dir/src/pure_pursuit_core.cpp.o] Error 1
[3.643s] make[1]: *** [CMakeFiles/pure_pursuit.dir/all] Error 2
[3.644s] make: *** [all] Error 2
